# JRE version: OpenJDK Runtime Environment Corretto-17.0.7.7.1 (17.0.7+7) (build 17.0.7+7-LTS)
# Java VM: OpenJDK 64-Bit Server VM Corretto-17.0.7.7.1 (17.0.7+7-LTS, mixed mode, emulated-client, sharing, tiered, compressed oops, compressed class ptrs, g1 gc, windows-amd64)
GC Precious Log:
 CPUs: 8 total, 8 available
 Memory: 16243M
 Large Page Support: Disabled
 NUMA Support: Disabled
 Compressed Oops: Enabled (Zero based)
 Heap Region Size: 2M
 Heap Min Capacity: 8M
 Heap Initial Capacity: 254M
 Heap Max Capacity: 4062M
 Pre-touch: Disabled
 Parallel Workers: 8
 Concurrent Workers: 2
 Concurrent Refinement Workers: 8
 Periodic GC: Disabled
Heap:
 garbage-first heap   total 106496K, used 59960K [0x0000000702200000, 0x0000000800000000)
  region size 2048K, 20 young (40960K), 2 survivors (4096K)
 Metaspace       used 62610K, committed 63232K, reserved 1114112K
  class space    used 8825K, committed 9152K, reserved 1048576K
GC Heap History (20 events):
Event: 4.197 GC heap before
{Heap before GC invocations=6 (full 0):
 garbage-first heap   total 55296K, used 18094K [0x0000000702200000, 0x0000000800000000)
  region size 2048K, 5 young (10240K), 4 survivors (8192K)
 Metaspace       used 24414K, committed 24832K, reserved 1114112K
  class space    used 3451K, committed 3648K, reserved 1048576K
}
Event: 4.209 GC heap after
{Heap after GC invocations=7 (full 0):
 garbage-first heap   total 55296K, used 16668K [0x0000000702200000, 0x0000000800000000)
  region size 2048K, 1 young (2048K), 1 survivors (2048K)
 Metaspace       used 24414K, committed 24832K, reserved 1114112K
  class space    used 3451K, committed 3648K, reserved 1048576K
}
Event: 4.582 GC heap before
{Heap before GC invocations=7 (full 0):
 garbage-first heap   total 55296K, used 37148K [0x0000000702200000, 0x0000000800000000)
  region size 2048K, 11 young (22528K), 1 survivors (2048K)
 Metaspace       used 26785K, committed 27200K, reserved 1114112K
  class space    used 3737K, committed 3904K, reserved 1048576K
}
Event: 4.588 GC heap after
{Heap after GC invocations=8 (full 0):
 garbage-first heap   total 157696K, used 16961K [0x0000000702200000, 0x0000000800000000)
  region size 2048K, 1 young (2048K), 1 survivors (2048K)
 Metaspace       used 26785K, committed 27200K, reserved 1114112K
  class space    used 3737K, committed 3904K, reserved 1048576K
}
Event: 5.649 GC heap before
{Heap before GC invocations=8 (full 0):
 garbage-first heap   total 157696K, used 80449K [0x0000000702200000, 0x0000000800000000)
  region size 2048K, 33 young (67584K), 1 survivors (2048K)
 Metaspace       used 35540K, committed 35968K, reserved 1114112K
  class space    used 4955K, committed 5184K, reserved 1048576K
}
Event: 5.653 GC heap after
{Heap after GC invocations=9 (full 0):
 garbage-first heap   total 157696K, used 19248K [0x0000000702200000, 0x0000000800000000)
  region size 2048K, 2 young (4096K), 2 survivors (4096K)
 Metaspace       used 35540K, committed 35968K, reserved 1114112K
  class space    used 4955K, committed 5184K, reserved 1048576K
}
Event: 6.255 GC heap before
{Heap before GC invocations=10 (full 0):
 garbage-first heap   total 75776K, used 60208K [0x0000000702200000, 0x0000000800000000)
  region size 2048K, 22 young (45056K), 2 survivors (4096K)
 Metaspace       used 41474K, committed 41920K, reserved 1114112K
  class space    used 5746K, committed 5952K, reserved 1048576K
}
Event: 6.261 GC heap after
{Heap after GC invocations=11 (full 0):
 garbage-first heap   total 75776K, used 20426K [0x0000000702200000, 0x0000000800000000)
  region size 2048K, 2 young (4096K), 2 survivors (4096K)
 Metaspace       used 41474K, committed 41920K, reserved 1114112K
  class space    used 5746K, committed 5952K, reserved 1048576K
}
Event: 6.292 GC heap before
{Heap before GC invocations=11 (full 0):
 garbage-first heap   total 75776K, used 22474K [0x0000000702200000, 0x0000000800000000)
  region size 2048K, 3 young (6144K), 2 survivors (4096K)
 Metaspace       used 41673K, committed 42112K, reserved 1114112K
  class space    used 5781K, committed 6016K, reserved 1048576K
}
Event: 6.297 GC heap after
{Heap after GC invocations=12 (full 0):
 garbage-first heap   total 75776K, used 20712K [0x0000000702200000, 0x0000000800000000)
  region size 2048K, 1 young (2048K), 1 survivors (2048K)
 Metaspace       used 41673K, committed 42112K, reserved 1114112K
  class space    used 5781K, committed 6016K, reserved 1048576K
}
Event: 7.152 GC heap before
{Heap before GC invocations=12 (full 0):
 garbage-first heap   total 75776K, used 57576K [0x0000000702200000, 0x0000000800000000)
  region size 2048K, 19 young (38912K), 1 survivors (2048K)
 Metaspace       used 47489K, committed 48064K, reserved 1114112K
  class space    used 6782K, committed 7040K, reserved 1048576K
}
Event: 7.155 GC heap after
{Heap after GC invocations=13 (full 0):
 garbage-first heap   total 75776K, used 21129K [0x0000000702200000, 0x0000000800000000)
  region size 2048K, 1 young (2048K), 1 survivors (2048K)
 Metaspace       used 47489K, committed 48064K, reserved 1114112K
  class space    used 6782K, committed 7040K, reserved 1048576K
}
Event: 7.847 GC heap before
{Heap before GC invocations=13 (full 0):
 garbage-first heap   total 75776K, used 57993K [0x0000000702200000, 0x0000000800000000)
  region size 2048K, 19 young (38912K), 1 survivors (2048K)
 Metaspace       used 52242K, committed 52800K, reserved 1114112K
  class space    used 7491K, committed 7744K, reserved 1048576K
}
Event: 7.851 GC heap after
{Heap after GC invocations=14 (full 0):
 garbage-first heap   total 75776K, used 22546K [0x0000000702200000, 0x0000000800000000)
  region size 2048K, 2 young (4096K), 2 survivors (4096K)
 Metaspace       used 52242K, committed 52800K, reserved 1114112K
  class space    used 7491K, committed 7744K, reserved 1048576K
}
Event: 8.348 GC heap before
{Heap before GC invocations=14 (full 0):
 garbage-first heap   total 75776K, used 59410K [0x0000000702200000, 0x0000000800000000)
  region size 2048K, 20 young (40960K), 2 survivors (4096K)
 Metaspace       used 55432K, committed 55936K, reserved 1114112K
  class space    used 7957K, committed 8192K, reserved 1048576K
}
Event: 8.352 GC heap after
{Heap after GC invocations=15 (full 0):
 garbage-first heap   total 75776K, used 24102K [0x0000000702200000, 0x0000000800000000)
  region size 2048K, 2 young (4096K), 2 survivors (4096K)
 Metaspace       used 55432K, committed 55936K, reserved 1114112K
  class space    used 7957K, committed 8192K, reserved 1048576K
}
Event: 8.896 GC heap before
{Heap before GC invocations=15 (full 0):
 garbage-first heap   total 75776K, used 60966K [0x0000000702200000, 0x0000000800000000)
  region size 2048K, 20 young (40960K), 2 survivors (4096K)
 Metaspace       used 57941K, committed 58496K, reserved 1114112K
  class space    used 8321K, committed 8576K, reserved 1048576K
}
Event: 8.903 GC heap after
{Heap after GC invocations=16 (full 0):
 garbage-first heap   total 75776K, used 26574K [0x0000000702200000, 0x0000000800000000)
  region size 2048K, 3 young (6144K), 3 survivors (6144K)
 Metaspace       used 57941K, committed 58496K, reserved 1114112K
  class space    used 8321K, committed 8576K, reserved 1048576K
}
Event: 11.971 GC heap before
{Heap before GC invocations=16 (full 0):
 garbage-first heap   total 75776K, used 40910K [0x0000000702200000, 0x0000000800000000)
  region size 2048K, 11 young (22528K), 3 survivors (6144K)
 Metaspace       used 59939K, committed 60480K, reserved 1114112K
  class space    used 8590K, committed 8832K, reserved 1048576K
}
Event: 11.980 GC heap after
{Heap after GC invocations=17 (full 0):
 garbage-first heap   total 106496K, used 27192K [0x0000000702200000, 0x0000000800000000)
  region size 2048K, 2 young (4096K), 2 survivors (4096K)
 Metaspace       used 59939K, committed 60480K, reserved 1114112K
  class space    used 8590K, committed 8832K, reserved 1048576K
}

